running develop
running egg_info
creating p1.egg-info
writing p1.egg-info/PKG-INFO
writing dependency_links to p1.egg-info/dependency_links.txt
writing entry points to p1.egg-info/entry_points.txt
writing requirements to p1.egg-info/requires.txt
writing top-level names to p1.egg-info/top_level.txt
writing manifest file 'p1.egg-info/SOURCES.txt'
reading manifest file 'p1.egg-info/SOURCES.txt'
writing manifest file 'p1.egg-info/SOURCES.txt'
running build_ext
Creating /home/shanmu/ros2_ws2/src/install/p1/lib/python3.12/site-packages/p1.egg-link (link to .)
Installing test_node script to /home/shanmu/ros2_ws2/src/install/p1/lib/p1

Installed /home/shanmu/ros2_ws2/src/build/p1
running symlink_data
creating /home/shanmu/ros2_ws2/src/install/p1/share/ament_index
creating /home/shanmu/ros2_ws2/src/install/p1/share/ament_index/resource_index
creating /home/shanmu/ros2_ws2/src/install/p1/share/ament_index/resource_index/packages
symbolically linking /home/shanmu/ros2_ws2/src/build/p1/resource/p1 -> /home/shanmu/ros2_ws2/src/install/p1/share/ament_index/resource_index/packages
symbolically linking /home/shanmu/ros2_ws2/src/build/p1/package.xml -> /home/shanmu/ros2_ws2/src/install/p1/share/p1
