[0.373s] Invoking command in '/home/shanmu/ros2_ws2/src/build/p1': PYTHONPATH=/home/shanmu/ros2_ws2/src/build/p1/prefix_override:/usr/lib/python3/dist-packages/colcon_core/task/python/colcon_distutils_commands:/home/shanmu/ros2_ws2/src/install/p1/lib/python3.12/site-packages:${PYTHONPATH} /usr/bin/python3 -W ignore:setup.py install is deprecated -W ignore:easy_install command is deprecated setup.py develop --editable --build-directory /home/shanmu/ros2_ws2/src/build/p1/build --no-deps symlink_data
[0.522s] running develop
[0.606s] running egg_info
[0.606s] creating p1.egg-info
[0.615s] writing p1.egg-info/PKG-INFO
[0.616s] writing dependency_links to p1.egg-info/dependency_links.txt
[0.616s] writing entry points to p1.egg-info/entry_points.txt
[0.617s] writing requirements to p1.egg-info/requires.txt
[0.617s] writing top-level names to p1.egg-info/top_level.txt
[0.617s] writing manifest file 'p1.egg-info/SOURCES.txt'
[0.633s] reading manifest file 'p1.egg-info/SOURCES.txt'
[0.633s] writing manifest file 'p1.egg-info/SOURCES.txt'
[0.643s] running build_ext
[0.643s] Creating /home/shanmu/ros2_ws2/src/install/p1/lib/python3.12/site-packages/p1.egg-link (link to .)
[0.643s] Installing test_node script to /home/shanmu/ros2_ws2/src/install/p1/lib/p1
[0.643s] 
[0.643s] Installed /home/shanmu/ros2_ws2/src/build/p1
[0.643s] running symlink_data
[0.643s] creating /home/shanmu/ros2_ws2/src/install/p1/share/ament_index
[0.643s] creating /home/shanmu/ros2_ws2/src/install/p1/share/ament_index/resource_index
[0.644s] creating /home/shanmu/ros2_ws2/src/install/p1/share/ament_index/resource_index/packages
[0.644s] symbolically linking /home/shanmu/ros2_ws2/src/build/p1/resource/p1 -> /home/shanmu/ros2_ws2/src/install/p1/share/ament_index/resource_index/packages
[0.644s] symbolically linking /home/shanmu/ros2_ws2/src/build/p1/package.xml -> /home/shanmu/ros2_ws2/src/install/p1/share/p1
[0.659s] Invoked command in '/home/shanmu/ros2_ws2/src/build/p1' returned '0': PYTHONPATH=/home/shanmu/ros2_ws2/src/build/p1/prefix_override:/usr/lib/python3/dist-packages/colcon_core/task/python/colcon_distutils_commands:/home/shanmu/ros2_ws2/src/install/p1/lib/python3.12/site-packages:${PYTHONPATH} /usr/bin/python3 -W ignore:setup.py install is deprecated -W ignore:easy_install command is deprecated setup.py develop --editable --build-directory /home/shanmu/ros2_ws2/src/build/p1/build --no-deps symlink_data
